<?xml version="1.0" encoding="UTF-8"?>
<testsuite xmlns:xsi="http://www.w3.org/2001/XMLSchema-instance" xsi:noNamespaceSchemaLocation="https://maven.apache.org/surefire/maven-surefire-plugin/xsd/surefire-test-report-3.0.xsd" version="3.0" name="com.kafka.connect.smt.InsertDynamicFieldTest" time="0.08" tests="3" errors="0" skipped="0" failures="0">
  <properties>
    <property name="java.specification.version" value="19"/>
    <property name="sun.jnu.encoding" value="UTF-8"/>
    <property name="java.class.path" value="/Users/m_2172612/Downloads/kafka-connect-insert-uuid-master/target/test-classes:/Users/m_2172612/Downloads/kafka-connect-insert-uuid-master/target/classes:/Users/m_2172612/.m2/repository/org/apache/kafka/connect-api/2.1.1/connect-api-2.1.1.jar:/Users/m_2172612/.m2/repository/org/apache/kafka/kafka-clients/2.1.1/kafka-clients-2.1.1.jar:/Users/m_2172612/.m2/repository/com/github/luben/zstd-jni/1.3.7-1/zstd-jni-1.3.7-1.jar:/Users/m_2172612/.m2/repository/org/lz4/lz4-java/1.5.0/lz4-java-1.5.0.jar:/Users/m_2172612/.m2/repository/org/xerial/snappy/snappy-java/1.1.7.2/snappy-java-1.1.7.2.jar:/Users/m_2172612/.m2/repository/org/slf4j/slf4j-api/1.7.25/slf4j-api-1.7.25.jar:/Users/m_2172612/.m2/repository/javax/ws/rs/javax.ws.rs-api/2.1.1/javax.ws.rs-api-2.1.1.jar:/Users/m_2172612/.m2/repository/org/apache/kafka/connect-transforms/2.1.1/connect-transforms-2.1.1.jar:/Users/m_2172612/.m2/repository/junit/junit/4.12/junit-4.12.jar:/Users/m_2172612/.m2/repository/org/hamcrest/hamcrest-core/1.3/hamcrest-core-1.3.jar:"/>
    <property name="java.vm.vendor" value="Homebrew"/>
    <property name="sun.arch.data.model" value="64"/>
    <property name="java.vendor.url" value="https://github.com/Homebrew/homebrew-core/issues"/>
    <property name="os.name" value="Mac OS X"/>
    <property name="java.vm.specification.version" value="19"/>
    <property name="sun.java.launcher" value="SUN_STANDARD"/>
    <property name="user.country" value="GB"/>
    <property name="sun.boot.library.path" value="/usr/local/Cellar/openjdk/19.0.2/libexec/openjdk.jdk/Contents/Home/lib"/>
    <property name="sun.java.command" value="/Users/m_2172612/Downloads/kafka-connect-insert-uuid-master/target/surefire/surefirebooter-20230411232730936_3.jar /Users/m_2172612/Downloads/kafka-connect-insert-uuid-master/target/surefire 2023-04-11T23-27-30_709-jvmRun1 surefire-20230411232730936_1tmp surefire_0-20230411232730936_2tmp"/>
    <property name="jdk.debug" value="release"/>
    <property name="surefire.test.class.path" value="/Users/m_2172612/Downloads/kafka-connect-insert-uuid-master/target/test-classes:/Users/m_2172612/Downloads/kafka-connect-insert-uuid-master/target/classes:/Users/m_2172612/.m2/repository/org/apache/kafka/connect-api/2.1.1/connect-api-2.1.1.jar:/Users/m_2172612/.m2/repository/org/apache/kafka/kafka-clients/2.1.1/kafka-clients-2.1.1.jar:/Users/m_2172612/.m2/repository/com/github/luben/zstd-jni/1.3.7-1/zstd-jni-1.3.7-1.jar:/Users/m_2172612/.m2/repository/org/lz4/lz4-java/1.5.0/lz4-java-1.5.0.jar:/Users/m_2172612/.m2/repository/org/xerial/snappy/snappy-java/1.1.7.2/snappy-java-1.1.7.2.jar:/Users/m_2172612/.m2/repository/org/slf4j/slf4j-api/1.7.25/slf4j-api-1.7.25.jar:/Users/m_2172612/.m2/repository/javax/ws/rs/javax.ws.rs-api/2.1.1/javax.ws.rs-api-2.1.1.jar:/Users/m_2172612/.m2/repository/org/apache/kafka/connect-transforms/2.1.1/connect-transforms-2.1.1.jar:/Users/m_2172612/.m2/repository/junit/junit/4.12/junit-4.12.jar:/Users/m_2172612/.m2/repository/org/hamcrest/hamcrest-core/1.3/hamcrest-core-1.3.jar:"/>
    <property name="sun.cpu.endian" value="little"/>
    <property name="user.home" value="/Users/m_2172612"/>
    <property name="user.language" value="en"/>
    <property name="java.specification.vendor" value="Oracle Corporation"/>
    <property name="java.version.date" value="2023-01-17"/>
    <property name="java.home" value="/usr/local/Cellar/openjdk/19.0.2/libexec/openjdk.jdk/Contents/Home"/>
    <property name="file.separator" value="/"/>
    <property name="basedir" value="/Users/m_2172612/Downloads/kafka-connect-insert-uuid-master"/>
    <property name="java.vm.compressedOopsMode" value="Zero based"/>
    <property name="line.separator" value="&#10;"/>
    <property name="java.specification.name" value="Java Platform API Specification"/>
    <property name="java.vm.specification.vendor" value="Oracle Corporation"/>
    <property name="apple.awt.application.name" value="ForkedBooter"/>
    <property name="surefire.real.class.path" value="/Users/m_2172612/Downloads/kafka-connect-insert-uuid-master/target/surefire/surefirebooter-20230411232730936_3.jar"/>
    <property name="sun.management.compiler" value="HotSpot 64-Bit Tiered Compilers"/>
    <property name="java.runtime.version" value="19.0.2"/>
    <property name="user.name" value="m_2172612"/>
    <property name="stdout.encoding" value="UTF-8"/>
    <property name="path.separator" value=":"/>
    <property name="os.version" value="12.3.1"/>
    <property name="java.runtime.name" value="OpenJDK Runtime Environment"/>
    <property name="file.encoding" value="UTF-8"/>
    <property name="java.vm.name" value="OpenJDK 64-Bit Server VM"/>
    <property name="java.vendor.version" value="Homebrew"/>
    <property name="localRepository" value="/Users/m_2172612/.m2/repository"/>
    <property name="java.vendor.url.bug" value="https://github.com/Homebrew/homebrew-core/issues"/>
    <property name="java.io.tmpdir" value="/var/folders/cm/x8zb00mx3h5ggl6ltxf3ld9m0000gq/T/"/>
    <property name="java.version" value="19.0.2"/>
    <property name="user.dir" value="/Users/m_2172612/Downloads/kafka-connect-insert-uuid-master"/>
    <property name="os.arch" value="x86_64"/>
    <property name="java.vm.specification.name" value="Java Virtual Machine Specification"/>
    <property name="native.encoding" value="UTF-8"/>
    <property name="java.library.path" value="/Users/m_2172612/Library/Java/Extensions:/Library/Java/Extensions:/Network/Library/Java/Extensions:/System/Library/Java/Extensions:/usr/lib/java:."/>
    <property name="java.vm.info" value="mixed mode, sharing"/>
    <property name="stderr.encoding" value="UTF-8"/>
    <property name="java.vendor" value="Homebrew"/>
    <property name="java.vm.version" value="19.0.2"/>
    <property name="sun.io.unicode.encoding" value="UnicodeBig"/>
    <property name="java.class.version" value="63.0"/>
  </properties>
  <testcase name="topLevelStructRequired" classname="com.kafka.connect.smt.InsertDynamicFieldTest" time="0.032">
    <system-err><![CDATA[SLF4J: Failed to load class "org.slf4j.impl.StaticLoggerBinder".
SLF4J: Defaulting to no-operation (NOP) logger implementation
SLF4J: See http://www.slf4j.org/codes.html#StaticLoggerBinder for further details.
]]></system-err>
  </testcase>
  <testcase name="schemalessInsertDynamicFieldField" classname="com.kafka.connect.smt.InsertDynamicFieldTest" time="0.001">
    <system-out><![CDATA[INITIALRecord Value188b1022-cdf5-4ede-9dbb-1ea10b4734eb
tweet-app.test.tweetsRecord Value188b1022-cdf5-4ede-9dbb-1ea10b4734eb
]]></system-out>
  </testcase>
  <testcase name="copySchemaAndInsertDynamicFieldField" classname="com.kafka.connect.smt.InsertDynamicFieldTest" time="0.001">
    <system-out><![CDATA[42LRecord Value42L
tweet-app.test.tweetsRecord Value42L
nullRecord Valuenull
tweet-app.test.tweetsRecord Valuenull
]]></system-out>
  </testcase>
</testsuite>